<?xml version="1.0" encoding="UTF-8"?>
<!-- Generated by org.testng.reporters.JUnitReportReporter -->
<testsuite hostname="Dilmis-MacBook-Pro.local" name="org.wso2.carbon.esb.endpoint.test.ScenarioSampleTest" tests="2" failures="0" timestamp="1 Nov 2018 16:44:57 GMT" time="1.707" errors="0">
  <testcase name="testMessageTransformationForInvalidCode" time="0.284" classname="org.wso2.carbon.esb.endpoint.test.ScenarioSampleTest"/>
  <testcase name="testMessageTransformation" time="1.423" classname="org.wso2.carbon.esb.endpoint.test.ScenarioSampleTest"/>
</testsuite>
